Using pre-set license
Built from '2020.3/staging' branch; Version is '2020.3.26f1 (7298b473bc1a) revision 7510196'; Using compiler version '192528614'; Build Type 'Release'
OS: 'Windows 10  (10.0.19043) 64bit Core' Language: 'en' Physical Memory: 16256 MB
BatchMode: 1, IsHumanControllingUs: 0, StartBugReporterOnCrash: 0, Is64bit: 1, IsPro: 0

COMMAND LINE ARGUMENTS:
C:\Program Files\Unity\Hub\Editor\2020.3.26f1\Editor\Unity.exe
-adb2
-batchMode
-noUpm
-name
AssetImportWorker0
-projectPath
E:/stuff/UCF/Courses/Current/Production/Fantasy-Mario/Project 1
-logFile
Logs/AssetImportWorker0.log
-srvPort
51394
Successfully changed project path to: E:/stuff/UCF/Courses/Current/Production/Fantasy-Mario/Project 1
E:/stuff/UCF/Courses/Current/Production/Fantasy-Mario/Project 1
Using Asset Import Pipeline V2.
Refreshing native plugins compatible for Editor in 51.60 ms, found 3 plugins.
Preloading 0 native plugins for Editor in 0.00 ms.
Initialize engine version: 2020.3.26f1 (7298b473bc1a)
[Subsystems] Discovering subsystems at path C:/Program Files/Unity/Hub/Editor/2020.3.26f1/Editor/Data/Resources/UnitySubsystems
[Subsystems] Discovering subsystems at path E:/stuff/UCF/Courses/Current/Production/Fantasy-Mario/Project 1/Assets
GfxDevice: creating device client; threaded=0
Direct3D:
    Version:  Direct3D 11.0 [level 11.1]
    Renderer: NVIDIA GeForce GTX 1060 (ID=0x1c60)
    Vendor:   
    VRAM:     6052 MB
    Driver:   30.0.15.1123
Initialize mono
Mono path[0] = 'C:/Program Files/Unity/Hub/Editor/2020.3.26f1/Editor/Data/Managed'
Mono path[1] = 'C:/Program Files/Unity/Hub/Editor/2020.3.26f1/Editor/Data/MonoBleedingEdge/lib/mono/unityjit'
Mono config path = 'C:/Program Files/Unity/Hub/Editor/2020.3.26f1/Editor/Data/MonoBleedingEdge/etc'
Using monoOptions --debugger-agent=transport=dt_socket,embedding=1,server=y,suspend=n,address=127.0.0.1:56600
Begin MonoManager ReloadAssembly
Registering precompiled unity dll's ...
Register platform support module: C:/Program Files/Unity/Hub/Editor/2020.3.26f1/Editor/Data/PlaybackEngines/WebGLSupport/UnityEditor.WebGL.Extensions.dll
Register platform support module: C:/Program Files/Unity/Hub/Editor/2020.3.26f1/Editor/Data/PlaybackEngines/WindowsStandaloneSupport/UnityEditor.WindowsStandalone.Extensions.dll
Registered in 0.003007 seconds.
Native extension for WindowsStandalone target not found
Native extension for WebGL target not found
Refreshing native plugins compatible for Editor in 52.80 ms, found 3 plugins.
Preloading 0 native plugins for Editor in 0.00 ms.
Mono: successfully reloaded assembly
- Completed reload, in  0.665 seconds
Domain Reload Profiling:
	ReloadAssembly (665ms)
		BeginReloadAssembly (61ms)
			ExecutionOrderSort (0ms)
			DisableScriptedObjects (0ms)
			BackupInstance (0ms)
			ReleaseScriptingObjects (0ms)
			CreateAndSetChildDomain (1ms)
		EndReloadAssembly (525ms)
			LoadAssemblies (58ms)
			RebuildTransferFunctionScriptingTraits (0ms)
			SetupTypeCache (164ms)
			ReleaseScriptCaches (0ms)
			RebuildScriptCaches (35ms)
			SetupLoadedEditorAssemblies (206ms)
				LogAssemblyErrors (0ms)
				InitializePlatformSupportModulesInManaged (7ms)
				SetLoadedEditorAssemblies (0ms)
				RefreshPlugins (53ms)
				BeforeProcessingInitializeOnLoad (19ms)
				ProcessInitializeOnLoadAttributes (96ms)
				ProcessInitializeOnLoadMethodAttributes (32ms)
				AfterProcessingInitializeOnLoad (0ms)
				EditorAssembliesLoaded (0ms)
			ExecutionOrderSort2 (0ms)
			AwakeInstancesAfterBackupRestoration (0ms)
Platform modules already initialized, skipping
Registering precompiled user dll's ...
Registered in 0.004751 seconds.
Begin MonoManager ReloadAssembly
Native extension for WindowsStandalone target not found
Native extension for WebGL target not found
Refreshing native plugins compatible for Editor in 45.52 ms, found 3 plugins.
Preloading 0 native plugins for Editor in 0.00 ms.
Mono: successfully reloaded assembly
- Completed reload, in  1.200 seconds
Domain Reload Profiling:
	ReloadAssembly (1201ms)
		BeginReloadAssembly (155ms)
			ExecutionOrderSort (0ms)
			DisableScriptedObjects (5ms)
			BackupInstance (0ms)
			ReleaseScriptingObjects (0ms)
			CreateAndSetChildDomain (21ms)
		EndReloadAssembly (981ms)
			LoadAssemblies (94ms)
			RebuildTransferFunctionScriptingTraits (0ms)
			SetupTypeCache (331ms)
			ReleaseScriptCaches (0ms)
			RebuildScriptCaches (53ms)
			SetupLoadedEditorAssemblies (373ms)
				LogAssemblyErrors (0ms)
				InitializePlatformSupportModulesInManaged (4ms)
				SetLoadedEditorAssemblies (0ms)
				RefreshPlugins (46ms)
				BeforeProcessingInitializeOnLoad (92ms)
				ProcessInitializeOnLoadAttributes (206ms)
				ProcessInitializeOnLoadMethodAttributes (17ms)
				AfterProcessingInitializeOnLoad (8ms)
				EditorAssembliesLoaded (0ms)
			ExecutionOrderSort2 (0ms)
			AwakeInstancesAfterBackupRestoration (7ms)
Platform modules already initialized, skipping
========================================================================
Worker process is ready to serve import requests
Launched and connected shader compiler UnityShaderCompiler.exe after 0.08 seconds
Refreshing native plugins compatible for Editor in 0.55 ms, found 3 plugins.
Preloading 0 native plugins for Editor in 0.00 ms.
Unloading 2226 Unused Serialized files (Serialized files now loaded: 0)
System memory in use before: 98.5 MB.
System memory in use after: 98.6 MB.

Unloading 28 unused Assets to reduce memory usage. Loaded Objects now: 2661.
Total: 3.378900 ms (FindLiveObjects: 0.198300 ms CreateObjectMapping: 0.076300 ms MarkObjects: 2.976400 ms  DeleteObjects: 0.127100 ms)

AssetImportParameters requested are different than current active one (requested -> active):
  custom:framework-win-MediaFoundation: 216162199b28c13a410421893ffa2e32 -> 
  custom:video-decoder-ogg-theora: a1e56fd34408186e4bbccfd4996cb3dc -> 
  custom:container-muxer-webm: aa71ff27fc2769a1b78a27578f13a17b -> 
  custom:container-demuxer-webm: 4f35f7cbe854078d1ac9338744f61a02 -> 
  custom:container-demuxer-ogg: 62fdf1f143b41e24485cea50d1cbac27 -> 
  custom:video-encoder-webm-vp8: eb34c28f22e8b96e1ab97ce403110664 -> 
  custom:video-codec-MediaFoundation-h265: 746d11721c4dcdbdad8f713fa42b33f4 -> 
  custom:video-decoder-webm-vp8: 9c59270c3fd7afecdb556c50c9e8de78 -> 
  custom:audio-decoder-ogg-vorbis: bf7c407c2cedff20999df2af8eb42d56 -> 
  custom:audio-encoder-webm-vorbis: bf7c407c2cedff20999df2af8eb42d56 -> 
========================================================================
Received Import Request.
  path: Assets/Sprites/Characters/Small Character Sprites/smalls.png
  artifactKey: Guid(f6b39e11eb40ed5449d03201a16b98fd) Importer(815301076,1909f56bfc062723c751e8b465ee728b)
Start importing Assets/Sprites/Characters/Small Character Sprites/smalls.png using Guid(f6b39e11eb40ed5449d03201a16b98fd) Importer(815301076,1909f56bfc062723c751e8b465ee728b)  -> (artifact id: '8dce2a67e493823327575c592add1fe1') in 0.121697 seconds 
  Import took 0.125531 seconds .

========================================================================
Received Import Request.
  Time since last request: 0.000425 seconds.
  path: Assets/Sprites/Characters/Small Character Sprites/Run (3).png
  artifactKey: Guid(cff7ce7749ae67e46a7377844268ebe3) Importer(815301076,1909f56bfc062723c751e8b465ee728b)
Start importing Assets/Sprites/Characters/Small Character Sprites/Run (3).png using Guid(cff7ce7749ae67e46a7377844268ebe3) Importer(815301076,1909f56bfc062723c751e8b465ee728b)  -> (artifact id: '6978c3ecd262a24f7061554bbacc9134') in 0.015618 seconds 
  Import took 0.019883 seconds .

========================================================================
Received Import Request.
  Time since last request: 0.000297 seconds.
  path: Assets/Sprites/Characters/Small Character Sprites/Run (2).png
  artifactKey: Guid(28c4eb0a0286d994495bf89637028057) Importer(815301076,1909f56bfc062723c751e8b465ee728b)
Start importing Assets/Sprites/Characters/Small Character Sprites/Run (2).png using Guid(28c4eb0a0286d994495bf89637028057) Importer(815301076,1909f56bfc062723c751e8b465ee728b)  -> (artifact id: '426b3a987950f7d91a55113883ad4da0') in 0.015030 seconds 
  Import took 0.019685 seconds .

========================================================================
Received Import Request.
  Time since last request: 0.000346 seconds.
  path: Assets/Sprites/Characters/Small Character Sprites/Run (1).png
  artifactKey: Guid(8a1cc97fdfb344447a37fea95fc0f635) Importer(815301076,1909f56bfc062723c751e8b465ee728b)
Start importing Assets/Sprites/Characters/Small Character Sprites/Run (1).png using Guid(8a1cc97fdfb344447a37fea95fc0f635) Importer(815301076,1909f56bfc062723c751e8b465ee728b)  -> (artifact id: '4a9f81838e3810a2aa4b0f62eb64b7d5') in 0.013960 seconds 
  Import took 0.017962 seconds .

========================================================================
Received Import Request.
  Time since last request: 0.000284 seconds.
  path: Assets/Sprites/Characters/Small Character Sprites/Jump.png
  artifactKey: Guid(5f9bf39ede3da6647be22175eb79129d) Importer(815301076,1909f56bfc062723c751e8b465ee728b)
Start importing Assets/Sprites/Characters/Small Character Sprites/Jump.png using Guid(5f9bf39ede3da6647be22175eb79129d) Importer(815301076,1909f56bfc062723c751e8b465ee728b)  -> (artifact id: 'a58badb0a4336cfc37840af16a4d9c1b') in 0.015100 seconds 
  Import took 0.019301 seconds .

========================================================================
Received Import Request.
  Time since last request: 0.000314 seconds.
  path: Assets/Sprites/Characters/Small Character Sprites
  artifactKey: Guid(06099e098e21177488cc71a26ea4a4b4) Importer(815301076,1909f56bfc062723c751e8b465ee728b)
Start importing Assets/Sprites/Characters/Small Character Sprites using Guid(06099e098e21177488cc71a26ea4a4b4) Importer(815301076,1909f56bfc062723c751e8b465ee728b)  -> (artifact id: 'b3b88fdac78a5aee684a2f7f8ea91bb0') in 0.007257 seconds 
  Import took 0.012272 seconds .

========================================================================
Received Import Request.
  Time since last request: 21.611621 seconds.
  path: Assets/Sprites/Characters/Small Character Sprites/Death.png
  artifactKey: Guid(7aa50cf8b11f7d9488fbec6017516ae5) Importer(815301076,1909f56bfc062723c751e8b465ee728b)
Start importing Assets/Sprites/Characters/Small Character Sprites/Death.png using Guid(7aa50cf8b11f7d9488fbec6017516ae5) Importer(815301076,1909f56bfc062723c751e8b465ee728b)  -> (artifact id: 'ea271bdd932f8255dd1cac1de9e3ded4') in 0.015607 seconds 
  Import took 0.019779 seconds .

========================================================================
Received Import Request.
  Time since last request: 8.849585 seconds.
  path: Assets/Sprites/Characters/Small Character Sprites/Death.png
  artifactKey: Guid(7aa50cf8b11f7d9488fbec6017516ae5) Importer(815301076,1909f56bfc062723c751e8b465ee728b)
Start importing Assets/Sprites/Characters/Small Character Sprites/Death.png using Guid(7aa50cf8b11f7d9488fbec6017516ae5) Importer(815301076,1909f56bfc062723c751e8b465ee728b)  -> (artifact id: '380a35f479acbd5e73407a396a5ef386') in 0.011942 seconds 
  Import took 0.017052 seconds .

AssetImportWorkerClient::OnTransportError - code=2 error=End of file
