Using pre-set license
Built from '2020.3/staging' branch; Version is '2020.3.26f1 (7298b473bc1a) revision 7510196'; Using compiler version '192528614'; Build Type 'Release'
OS: 'Windows 10  (10.0.19043) 64bit Core' Language: 'en' Physical Memory: 16256 MB
BatchMode: 1, IsHumanControllingUs: 0, StartBugReporterOnCrash: 0, Is64bit: 1, IsPro: 0

COMMAND LINE ARGUMENTS:
C:\Program Files\Unity\Hub\Editor\2020.3.26f1\Editor\Unity.exe
-adb2
-batchMode
-noUpm
-name
AssetImportWorker0
-projectPath
E:/stuff/UCF/Courses/Current/Production/Fantasy-Mario/Project 1
-logFile
Logs/AssetImportWorker0.log
-srvPort
56375
Successfully changed project path to: E:/stuff/UCF/Courses/Current/Production/Fantasy-Mario/Project 1
E:/stuff/UCF/Courses/Current/Production/Fantasy-Mario/Project 1
Using Asset Import Pipeline V2.
Refreshing native plugins compatible for Editor in 56.31 ms, found 3 plugins.
Preloading 0 native plugins for Editor in 0.00 ms.
Initialize engine version: 2020.3.26f1 (7298b473bc1a)
[Subsystems] Discovering subsystems at path C:/Program Files/Unity/Hub/Editor/2020.3.26f1/Editor/Data/Resources/UnitySubsystems
[Subsystems] Discovering subsystems at path E:/stuff/UCF/Courses/Current/Production/Fantasy-Mario/Project 1/Assets
GfxDevice: creating device client; threaded=0
Direct3D:
    Version:  Direct3D 11.0 [level 11.1]
    Renderer: NVIDIA GeForce GTX 1060 (ID=0x1c60)
    Vendor:   
    VRAM:     6052 MB
    Driver:   30.0.15.1123
Initialize mono
Mono path[0] = 'C:/Program Files/Unity/Hub/Editor/2020.3.26f1/Editor/Data/Managed'
Mono path[1] = 'C:/Program Files/Unity/Hub/Editor/2020.3.26f1/Editor/Data/MonoBleedingEdge/lib/mono/unityjit'
Mono config path = 'C:/Program Files/Unity/Hub/Editor/2020.3.26f1/Editor/Data/MonoBleedingEdge/etc'
Using monoOptions --debugger-agent=transport=dt_socket,embedding=1,server=y,suspend=n,address=127.0.0.1:56608
Begin MonoManager ReloadAssembly
Registering precompiled unity dll's ...
Register platform support module: C:/Program Files/Unity/Hub/Editor/2020.3.26f1/Editor/Data/PlaybackEngines/WebGLSupport/UnityEditor.WebGL.Extensions.dll
Register platform support module: C:/Program Files/Unity/Hub/Editor/2020.3.26f1/Editor/Data/PlaybackEngines/WindowsStandaloneSupport/UnityEditor.WindowsStandalone.Extensions.dll
Registered in 0.002767 seconds.
Native extension for WindowsStandalone target not found
Native extension for WebGL target not found
Refreshing native plugins compatible for Editor in 52.84 ms, found 3 plugins.
Preloading 0 native plugins for Editor in 0.00 ms.
Mono: successfully reloaded assembly
- Completed reload, in  0.684 seconds
Domain Reload Profiling:
	ReloadAssembly (684ms)
		BeginReloadAssembly (62ms)
			ExecutionOrderSort (0ms)
			DisableScriptedObjects (0ms)
			BackupInstance (0ms)
			ReleaseScriptingObjects (0ms)
			CreateAndSetChildDomain (1ms)
		EndReloadAssembly (533ms)
			LoadAssemblies (60ms)
			RebuildTransferFunctionScriptingTraits (0ms)
			SetupTypeCache (170ms)
			ReleaseScriptCaches (0ms)
			RebuildScriptCaches (36ms)
			SetupLoadedEditorAssemblies (208ms)
				LogAssemblyErrors (0ms)
				InitializePlatformSupportModulesInManaged (6ms)
				SetLoadedEditorAssemblies (0ms)
				RefreshPlugins (53ms)
				BeforeProcessingInitializeOnLoad (19ms)
				ProcessInitializeOnLoadAttributes (96ms)
				ProcessInitializeOnLoadMethodAttributes (33ms)
				AfterProcessingInitializeOnLoad (0ms)
				EditorAssembliesLoaded (0ms)
			ExecutionOrderSort2 (0ms)
			AwakeInstancesAfterBackupRestoration (0ms)
Platform modules already initialized, skipping
Registering precompiled user dll's ...
Registered in 0.004929 seconds.
Begin MonoManager ReloadAssembly
Native extension for WindowsStandalone target not found
Native extension for WebGL target not found
Refreshing native plugins compatible for Editor in 52.39 ms, found 3 plugins.
Preloading 0 native plugins for Editor in 0.00 ms.
Mono: successfully reloaded assembly
- Completed reload, in  1.307 seconds
Domain Reload Profiling:
	ReloadAssembly (1307ms)
		BeginReloadAssembly (173ms)
			ExecutionOrderSort (0ms)
			DisableScriptedObjects (5ms)
			BackupInstance (0ms)
			ReleaseScriptingObjects (0ms)
			CreateAndSetChildDomain (21ms)
		EndReloadAssembly (1063ms)
			LoadAssemblies (102ms)
			RebuildTransferFunctionScriptingTraits (0ms)
			SetupTypeCache (363ms)
			ReleaseScriptCaches (0ms)
			RebuildScriptCaches (57ms)
			SetupLoadedEditorAssemblies (397ms)
				LogAssemblyErrors (0ms)
				InitializePlatformSupportModulesInManaged (5ms)
				SetLoadedEditorAssemblies (0ms)
				RefreshPlugins (53ms)
				BeforeProcessingInitializeOnLoad (92ms)
				ProcessInitializeOnLoadAttributes (224ms)
				ProcessInitializeOnLoadMethodAttributes (17ms)
				AfterProcessingInitializeOnLoad (8ms)
				EditorAssembliesLoaded (0ms)
			ExecutionOrderSort2 (0ms)
			AwakeInstancesAfterBackupRestoration (7ms)
Platform modules already initialized, skipping
========================================================================
Worker process is ready to serve import requests
Launched and connected shader compiler UnityShaderCompiler.exe after 0.09 seconds
Refreshing native plugins compatible for Editor in 0.50 ms, found 3 plugins.
Preloading 0 native plugins for Editor in 0.00 ms.
Unloading 2226 Unused Serialized files (Serialized files now loaded: 0)
System memory in use before: 98.5 MB.
System memory in use after: 98.6 MB.

Unloading 28 unused Assets to reduce memory usage. Loaded Objects now: 2661.
Total: 4.622600 ms (FindLiveObjects: 0.372900 ms CreateObjectMapping: 0.119900 ms MarkObjects: 3.946500 ms  DeleteObjects: 0.182000 ms)

AssetImportParameters requested are different than current active one (requested -> active):
  custom:framework-win-MediaFoundation: 216162199b28c13a410421893ffa2e32 -> 
  custom:video-decoder-ogg-theora: a1e56fd34408186e4bbccfd4996cb3dc -> 
  custom:container-muxer-webm: aa71ff27fc2769a1b78a27578f13a17b -> 
  custom:container-demuxer-webm: 4f35f7cbe854078d1ac9338744f61a02 -> 
  custom:container-demuxer-ogg: 62fdf1f143b41e24485cea50d1cbac27 -> 
  custom:video-encoder-webm-vp8: eb34c28f22e8b96e1ab97ce403110664 -> 
  custom:video-codec-MediaFoundation-h265: 746d11721c4dcdbdad8f713fa42b33f4 -> 
  custom:video-decoder-webm-vp8: 9c59270c3fd7afecdb556c50c9e8de78 -> 
  custom:audio-decoder-ogg-vorbis: bf7c407c2cedff20999df2af8eb42d56 -> 
  custom:audio-encoder-webm-vorbis: bf7c407c2cedff20999df2af8eb42d56 -> 
========================================================================
Received Import Request.
  path: Assets/Sprites/Characters/Large Character Sprites/Run (2).png
  artifactKey: Guid(1245b97870a8960488cce011761dbc82) Importer(815301076,1909f56bfc062723c751e8b465ee728b)
Start importing Assets/Sprites/Characters/Large Character Sprites/Run (2).png using Guid(1245b97870a8960488cce011761dbc82) Importer(815301076,1909f56bfc062723c751e8b465ee728b)  -> (artifact id: '0dec995f1a2b47701b937afcfc1087a4') in 0.128736 seconds 
  Import took 0.132403 seconds .

========================================================================
Received Import Request.
  Time since last request: 0.000312 seconds.
  path: Assets/Sprites/Placeholder.png
  artifactKey: Guid(8da4a5404b167c941a9a442553a5ba16) Importer(815301076,1909f56bfc062723c751e8b465ee728b)
Start importing Assets/Sprites/Placeholder.png using Guid(8da4a5404b167c941a9a442553a5ba16) Importer(815301076,1909f56bfc062723c751e8b465ee728b)  -> (artifact id: '047a44762b0cfd13230db66b161e7611') in 0.020206 seconds 
  Import took 0.024273 seconds .

========================================================================
Received Import Request.
  Time since last request: 0.000259 seconds.
  path: Assets/Sprites/Characters/Large Character Sprites/Jump.png
  artifactKey: Guid(228732881e2a16c46a072d8ee6c2c4ce) Importer(815301076,1909f56bfc062723c751e8b465ee728b)
Start importing Assets/Sprites/Characters/Large Character Sprites/Jump.png using Guid(228732881e2a16c46a072d8ee6c2c4ce) Importer(815301076,1909f56bfc062723c751e8b465ee728b)  -> (artifact id: '542715a867f11d6efa4a4ab2271775de') in 0.017424 seconds 
  Import took 0.022892 seconds .

========================================================================
Received Import Request.
  Time since last request: 0.000298 seconds.
  path: Assets/Sprites/Player.prefab
  artifactKey: Guid(577d47845512a6a41b7ca9b6ba934860) Importer(815301076,1909f56bfc062723c751e8b465ee728b)
Start importing Assets/Sprites/Player.prefab using Guid(577d47845512a6a41b7ca9b6ba934860) Importer(815301076,1909f56bfc062723c751e8b465ee728b)  -> (artifact id: '2f1dcc6c9827b381b8544396a90509c2') in 0.051418 seconds 
  Import took 0.055087 seconds .

========================================================================
Received Import Request.
  Time since last request: 0.000296 seconds.
  path: Assets/Sprites/Explode.png
  artifactKey: Guid(7c776fd454676a24a80dc61d437ea466) Importer(815301076,1909f56bfc062723c751e8b465ee728b)
Start importing Assets/Sprites/Explode.png using Guid(7c776fd454676a24a80dc61d437ea466) Importer(815301076,1909f56bfc062723c751e8b465ee728b)  -> (artifact id: 'b2492d5c6b5b0e1ddec0f0aab4eb6812') in 0.018347 seconds 
  Import took 0.021957 seconds .

========================================================================
Received Import Request.
  Time since last request: 0.000284 seconds.
  path: Assets/Sprites/Characters/Large Character Sprites/Run (3).png
  artifactKey: Guid(835eeb50266d312448e5204ce953fe2a) Importer(815301076,1909f56bfc062723c751e8b465ee728b)
Start importing Assets/Sprites/Characters/Large Character Sprites/Run (3).png using Guid(835eeb50266d312448e5204ce953fe2a) Importer(815301076,1909f56bfc062723c751e8b465ee728b)  -> (artifact id: 'df89b6020488af9921bb2b629c98a178') in 0.014215 seconds 
  Import took 0.018507 seconds .

========================================================================
Received Import Request.
  Time since last request: 0.000231 seconds.
  path: Assets/Sprites/Characters/Large Character Sprites/Run (1).png
  artifactKey: Guid(a1c0c4fab2a66434aa258c9da8d699b5) Importer(815301076,1909f56bfc062723c751e8b465ee728b)
Start importing Assets/Sprites/Characters/Large Character Sprites/Run (1).png using Guid(a1c0c4fab2a66434aa258c9da8d699b5) Importer(815301076,1909f56bfc062723c751e8b465ee728b)  -> (artifact id: 'ff1cd0475e397d92d67f9d8022d555ed') in 0.014571 seconds 
  Import took 0.019039 seconds .

========================================================================
Received Import Request.
  Time since last request: 0.000312 seconds.
  path: Assets/Sprites/Mario 1-1 reference.png
  artifactKey: Guid(21915e9606fec524c9a815d495b40161) Importer(815301076,1909f56bfc062723c751e8b465ee728b)
Start importing Assets/Sprites/Mario 1-1 reference.png using Guid(21915e9606fec524c9a815d495b40161) Importer(815301076,1909f56bfc062723c751e8b465ee728b)  -> (artifact id: '47f0e418d611cf9a2110d870a7bced4a') in 0.037842 seconds 
  Import took 0.041371 seconds .

========================================================================
Received Import Request.
  Time since last request: 0.000267 seconds.
  path: Assets/Sprites/Characters/Large Character Sprites
  artifactKey: Guid(7ede31a150594b544867c14e52ff8b23) Importer(815301076,1909f56bfc062723c751e8b465ee728b)
Start importing Assets/Sprites/Characters/Large Character Sprites using Guid(7ede31a150594b544867c14e52ff8b23) Importer(815301076,1909f56bfc062723c751e8b465ee728b)  -> (artifact id: '59312441bc3f8960ab386be8f0c942de') in 0.010073 seconds 
  Import took 0.016892 seconds .

========================================================================
Received Import Request.
  Time since last request: 0.000322 seconds.
  path: Assets/Sprites
  artifactKey: Guid(2eece352fe47c5b4c9d49d7193c7a4ea) Importer(815301076,1909f56bfc062723c751e8b465ee728b)
Start importing Assets/Sprites using Guid(2eece352fe47c5b4c9d49d7193c7a4ea) Importer(815301076,1909f56bfc062723c751e8b465ee728b)  -> (artifact id: '9b51839a93e370618ed06bbfd9deef5f') in 0.023950 seconds 
  Import took 0.034975 seconds .

========================================================================
Received Import Request.
  Time since last request: 0.000306 seconds.
  path: Assets/Sprites/Characters
  artifactKey: Guid(db82fb9200cc0b346930983a65bdcb51) Importer(815301076,1909f56bfc062723c751e8b465ee728b)
Start importing Assets/Sprites/Characters using Guid(db82fb9200cc0b346930983a65bdcb51) Importer(815301076,1909f56bfc062723c751e8b465ee728b)  -> (artifact id: 'fd634b642e37becd7cc0a11c8637c7ac') in 0.012128 seconds 
  Import took 0.019646 seconds .

========================================================================
Received Import Request.
  Time since last request: 0.000328 seconds.
  path: Assets/Sprites/Characters/Large Character Sprites/bigs.png
  artifactKey: Guid(1683026034a913d4b83471491ec1b928) Importer(815301076,1909f56bfc062723c751e8b465ee728b)
Start importing Assets/Sprites/Characters/Large Character Sprites/bigs.png using Guid(1683026034a913d4b83471491ec1b928) Importer(815301076,1909f56bfc062723c751e8b465ee728b)  -> (artifact id: '61be83f7e2f3315d472af9f0a3f8f9a5') in 0.017539 seconds 
  Import took 0.022621 seconds .

========================================================================
Received Import Request.
  Time since last request: 6.798022 seconds.
  path: Assets/Sprites/Characters/Large Character Sprites/Crouch.png
  artifactKey: Guid(14668884781cc9e4f8297e39fe2aa1b4) Importer(815301076,1909f56bfc062723c751e8b465ee728b)
Start importing Assets/Sprites/Characters/Large Character Sprites/Crouch.png using Guid(14668884781cc9e4f8297e39fe2aa1b4) Importer(815301076,1909f56bfc062723c751e8b465ee728b)  -> (artifact id: '7e13f668e5fbd6cbde29b00678e31e1a') in 0.013080 seconds 
  Import took 0.017000 seconds .

========================================================================
Received Import Request.
  Time since last request: 8.064114 seconds.
  path: Assets/Sprites/Characters/Large Character Sprites/Crouch.png
  artifactKey: Guid(14668884781cc9e4f8297e39fe2aa1b4) Importer(815301076,1909f56bfc062723c751e8b465ee728b)
Start importing Assets/Sprites/Characters/Large Character Sprites/Crouch.png using Guid(14668884781cc9e4f8297e39fe2aa1b4) Importer(815301076,1909f56bfc062723c751e8b465ee728b)  -> (artifact id: '3309dc6e183b7cfe99c2dc8453f85616') in 0.013339 seconds 
  Import took 0.017250 seconds .

========================================================================
Received Import Request.
  Time since last request: 11.721222 seconds.
  path: Assets/Sprites/Characters/Large Character Sprites/Powered up
  artifactKey: Guid(fd0b2f6fefc5b95458b9c748aa16670a) Importer(815301076,1909f56bfc062723c751e8b465ee728b)
Start importing Assets/Sprites/Characters/Large Character Sprites/Powered up using Guid(fd0b2f6fefc5b95458b9c748aa16670a) Importer(815301076,1909f56bfc062723c751e8b465ee728b)  -> (artifact id: '1e67c19d32c9b51d59d339d2884b93cd') in 0.007659 seconds 
  Import took 0.013100 seconds .

========================================================================
Received Import Request.
  Time since last request: 0.026425 seconds.
  path: Assets/Sprites/Characters/Large Character Sprites/Powered up/Powered up - Idle.png
  artifactKey: Guid(fc4c245521991714399289183c858b4d) Importer(815301076,1909f56bfc062723c751e8b465ee728b)
Start importing Assets/Sprites/Characters/Large Character Sprites/Powered up/Powered up - Idle.png using Guid(fc4c245521991714399289183c858b4d) Importer(815301076,1909f56bfc062723c751e8b465ee728b)  -> (artifact id: '0321c1d81a1030d6a281c5d25c4fc31e') in 0.012530 seconds 
  Import took 0.016998 seconds .

========================================================================
Received Import Request.
  Time since last request: 0.000292 seconds.
  path: Assets/Sprites/Characters/Large Character Sprites/Powered up/Powered up - run (2).png
  artifactKey: Guid(19fe03a7b49f5ce42942a725870b999d) Importer(815301076,1909f56bfc062723c751e8b465ee728b)
Start importing Assets/Sprites/Characters/Large Character Sprites/Powered up/Powered up - run (2).png using Guid(19fe03a7b49f5ce42942a725870b999d) Importer(815301076,1909f56bfc062723c751e8b465ee728b)  -> (artifact id: '291ef188237c1ca92a3522f788bf7fd2') in 0.013759 seconds 
  Import took 0.017375 seconds .

========================================================================
Received Import Request.
  Time since last request: 0.000304 seconds.
  path: Assets/Sprites/Characters/Large Character Sprites/Powered up/powered up - Jump.png
  artifactKey: Guid(4ccf30fd5a5e4824d8d3954391d3bd6f) Importer(815301076,1909f56bfc062723c751e8b465ee728b)
Start importing Assets/Sprites/Characters/Large Character Sprites/Powered up/powered up - Jump.png using Guid(4ccf30fd5a5e4824d8d3954391d3bd6f) Importer(815301076,1909f56bfc062723c751e8b465ee728b)  -> (artifact id: '20c483c62d1cf1b3cb7d1575d73d55cb') in 0.015064 seconds 
  Import took 0.018790 seconds .

========================================================================
Received Import Request.
  Time since last request: 0.000345 seconds.
  path: Assets/Sprites/Characters/Large Character Sprites/Powered up/Powered up - run (1).png
  artifactKey: Guid(23ca089a5e1318941bfdc835488f8cda) Importer(815301076,1909f56bfc062723c751e8b465ee728b)
Start importing Assets/Sprites/Characters/Large Character Sprites/Powered up/Powered up - run (1).png using Guid(23ca089a5e1318941bfdc835488f8cda) Importer(815301076,1909f56bfc062723c751e8b465ee728b)  -> (artifact id: '3da456fae7149e6e2c89d8bcd4a84081') in 0.014623 seconds 
  Import took 0.018250 seconds .

========================================================================
Received Import Request.
  Time since last request: 0.000270 seconds.
  path: Assets/Sprites/Characters/Large Character Sprites/Powered up/Powered up - run (3).png
  artifactKey: Guid(c68d3fc1b980a684cb7e834d2b78f8b1) Importer(815301076,1909f56bfc062723c751e8b465ee728b)
Start importing Assets/Sprites/Characters/Large Character Sprites/Powered up/Powered up - run (3).png using Guid(c68d3fc1b980a684cb7e834d2b78f8b1) Importer(815301076,1909f56bfc062723c751e8b465ee728b)  -> (artifact id: '766b4eef1fa22ab209b8a4121ba9fe38') in 0.015641 seconds 
  Import took 0.020066 seconds .

========================================================================
Received Import Request.
  Time since last request: 5.211854 seconds.
  path: Assets/Sprites/Characters/Large Character Sprites/Powered up/Powered up - Crouch.png
  artifactKey: Guid(b23e47b342fc2b54884eee90207e8e76) Importer(815301076,1909f56bfc062723c751e8b465ee728b)
Start importing Assets/Sprites/Characters/Large Character Sprites/Powered up/Powered up - Crouch.png using Guid(b23e47b342fc2b54884eee90207e8e76) Importer(815301076,1909f56bfc062723c751e8b465ee728b)  -> (artifact id: 'd728b6a1d025ca038db4ba70a6ea47b4') in 0.014529 seconds 
  Import took 0.018540 seconds .

========================================================================
Received Import Request.
  Time since last request: 9.901408 seconds.
  path: Assets/Sprites/Characters/Large Character Sprites/Powered up/Powered up - Crouch.png
  artifactKey: Guid(b23e47b342fc2b54884eee90207e8e76) Importer(815301076,1909f56bfc062723c751e8b465ee728b)
Start importing Assets/Sprites/Characters/Large Character Sprites/Powered up/Powered up - Crouch.png using Guid(b23e47b342fc2b54884eee90207e8e76) Importer(815301076,1909f56bfc062723c751e8b465ee728b)  -> (artifact id: 'c6e9e1c2d273502a4ac8d4e1b58bcd39') in 0.012258 seconds 
  Import took 0.017001 seconds .

AssetImportWorkerClient::OnTransportError - code=2 error=End of file
